Sencha Cmd 7.0.0.40 - Crash report
================================================
An error occurred while executing the following command: app upgrade --noframework

Diagnostic information:
=======================
                    buildenvironment.dir : C:\Users\johnm\Desktop\Websites\LeeSheet\inc\js\ext-6.6-latest\build\packages\calendar
               buildenvironment.load.dir : C:\Users\johnm\Desktop\Websites\LeeSheet\inc\js\ext-6.6-latest\build\packages\calendar
                          cmd.config.dir : C:\Users\johnm\bin\Sencha\Cmd\7.0.0.40            
                                 cmd.dir : C:\Users\johnm\bin\Sencha\Cmd\7.0.0.40            
              cmd.merge.tool.args.araxis : -wait -merge -3 -a1 {base} {user} {generated} {out}
              cmd.merge.tool.args.kdiff3 : {base} {user} {generated} -o {out}                
             cmd.merge.tool.args.p4merge : {base} {user} {generated} {out}                   
           cmd.merge.tool.args.smartsync : {user} {generated} {base}                         
          cmd.merge.tool.args.sourcegear : --merge --result={out} {user} {base} {generated}  
            cmd.merge.tool.args.tortoise : -base:{base} -theirs:{generated} -mine:{user} -merged:{out}
                              cmd.minver : 3.0.0.0                                           
                            cmd.platform : windows                                           
                     cmd.unicode.escapes : C:\Users\johnm\bin\Sencha\Cmd\7.0.0.40/unicode-escapes.json
                             cmd.version : 7.0.0.40                                          
                            cmd.web.port : 1841                                              
                       inspector.address : http://localhost:1839/                            
                      package.base.names :                                                   
                   package.base.packages :                                                   
            package.builds.classic.theme : theme-classic                                     
          package.builds.classic.toolkit : classic                                           
              package.builds.crisp.theme : theme-crisp                                       
            package.builds.crisp.toolkit : classic                                           
     package.builds.modern-neptune.theme : theme-neptune                                     
   package.builds.modern-neptune.toolkit : modern                                            
            package.builds.neptune.theme : theme-neptune                                     
          package.builds.neptune.toolkit : classic                                           
             package.builds.triton.theme : theme-triton                                      
           package.builds.triton.toolkit : classic                                           
                       package.classpath : C:\Users\johnm\Desktop\Websites\LeeSheet\inc\js\ext-6.6-latest\build\packages\calendar/src,C:\Users\johnm\Desktop\Websites\LeeSheet\inc\js\ext-6.6-latest\build\packages\calendar/${toolkit.name}/src
                     package.classpath.0 : C:\Users\johnm\Desktop\Websites\LeeSheet\inc\js\ext-6.6-latest\build\packages\calendar/src
                     package.classpath.1 : C:\Users\johnm\Desktop\Websites\LeeSheet\inc\js\ext-6.6-latest\build\packages\calendar/${toolkit.name}/src
                package.classpath.length : 2                                                 
                     package.cmd.version : 6.1.0.42                                          
                   package.compatVersion : 6.1.0                                             
                      package.config.dir : C:\Users\johnm\Desktop\Websites\LeeSheet\inc\js\ext-6.6-latest\build\packages\calendar\.sencha\package
                         package.creator : Sencha                                            
             package.detailedDescription : Calendar components                               
          package.development.tests.path : test/project.json                                 
                             package.dir : C:\Users\johnm\Desktop\Websites\LeeSheet\inc\js\ext-6.6-latest\build\packages\calendar
                          package.format : 1                                                 
                       package.framework : ext                                               
                            package.name : calendar                                          
                       package.namespace : Ext                                               
                     package.output.base : C:\Users\johnm\Desktop\Websites\LeeSheet\inc\js\ext-6.6-latest\build\packages\calendar/build/${toolkit.name}/${build.id}
                       package.output.js : ..                                                
                     package.output.sass :                                                   
                       package.overrides : C:\Users\johnm\Desktop\Websites\LeeSheet\inc\js\ext-6.6-latest\build\packages\calendar/overrides,C:\Users\johnm\Desktop\Websites\LeeSheet\inc\js\ext-6.6-latest\build\packages\calendar/${toolkit.name}/overrides
                     package.overrides.0 : C:\Users\johnm\Desktop\Websites\LeeSheet\inc\js\ext-6.6-latest\build\packages\calendar/overrides
                     package.overrides.1 : C:\Users\johnm\Desktop\Websites\LeeSheet\inc\js\ext-6.6-latest\build\packages\calendar/${toolkit.name}/overrides
                package.overrides.length : 2                                                 
                  package.requires.names :                                                   
               package.requires.packages :                                                   
                        package.sass.etc : C:\Users\johnm\Desktop\Websites\LeeSheet\inc\js\ext-6.6-latest\build\packages\calendar/sass/etc/all.scss,C:\Users\johnm\Desktop\Websites\LeeSheet\inc\js\ext-6.6-latest\build\packages\calendar/${toolkit.name}/sass/etc/all.scss
                      package.sass.etc.0 : C:\Users\johnm\Desktop\Websites\LeeSheet\inc\js\ext-6.6-latest\build\packages\calendar/sass/etc/all.scss
                      package.sass.etc.1 : C:\Users\johnm\Desktop\Websites\LeeSheet\inc\js\ext-6.6-latest\build\packages\calendar/${toolkit.name}/sass/etc/all.scss
                 package.sass.etc.length : 2                                                 
                  package.sass.namespace : Ext                                               
                        package.sass.src : C:\Users\johnm\Desktop\Websites\LeeSheet\inc\js\ext-6.6-latest\build\packages\calendar/sass/src,C:\Users\johnm\Desktop\Websites\LeeSheet\inc\js\ext-6.6-latest\build\packages\calendar/${toolkit.name}/sass/src
                      package.sass.src.0 : C:\Users\johnm\Desktop\Websites\LeeSheet\inc\js\ext-6.6-latest\build\packages\calendar/sass/src
                      package.sass.src.1 : C:\Users\johnm\Desktop\Websites\LeeSheet\inc\js\ext-6.6-latest\build\packages\calendar/${toolkit.name}/sass/src
                 package.sass.src.length : 2                                                 
                        package.sass.var : C:\Users\johnm\Desktop\Websites\LeeSheet\inc\js\ext-6.6-latest\build\packages\calendar/sass/var/all.scss,C:\Users\johnm\Desktop\Websites\LeeSheet\inc\js\ext-6.6-latest\build\packages\calendar/sass/var,C:\Users\johnm\Desktop\Websites\LeeSheet\inc\js\ext-6.6-latest\build\packages\calendar/${toolkit.name}/sass/var/all.scss,C:\Users\johnm\Desktop\Websites\LeeSheet\inc\js\ext-6.6-latest\build\packages\calendar/${toolkit.name}/sass/var
                      package.sass.var.0 : C:\Users\johnm\Desktop\Websites\LeeSheet\inc\js\ext-6.6-latest\build\packages\calendar/sass/var/all.scss
                      package.sass.var.1 : C:\Users\johnm\Desktop\Websites\LeeSheet\inc\js\ext-6.6-latest\build\packages\calendar/sass/var
                      package.sass.var.2 : C:\Users\johnm\Desktop\Websites\LeeSheet\inc\js\ext-6.6-latest\build\packages\calendar/${toolkit.name}/sass/var/all.scss
                      package.sass.var.3 : C:\Users\johnm\Desktop\Websites\LeeSheet\inc\js\ext-6.6-latest\build\packages\calendar/${toolkit.name}/sass/var
                 package.sass.var.length : 4                                                 
                     package.subpkgs.dir : C:\Users\johnm\Desktop\Websites\LeeSheet\inc\js\ext-6.6-latest\build\packages\calendar/packages
                         package.summary : Sencha Calendar                                   
                            package.type : code                                              
                         package.version : 6.2.0.589                                         
                          repo.local.dir : C:\Users\johnm\bin\Sencha\Cmd\repo                
                       shared.sencha.dir : false                                             
        system.java.net.useSystemProxies : true                                              

Exception information:
=======================
java.lang.NullPointerException
     at com.sencha.command.app.AppCommands$UpgradeCommand.execute(AppCommands.java:1072)
     at sun.reflect.NativeMethodAccessorImpl.invoke0(Native Method)
     at sun.reflect.NativeMethodAccessorImpl.invoke(Unknown Source)
     at sun.reflect.DelegatingMethodAccessorImpl.invoke(Unknown Source)
     at java.lang.reflect.Method.invoke(Unknown Source)
     at com.sencha.util.MethodInvoker$Arguments.invoke(MethodInvoker.java:175)
     at com.sencha.cli.Command.dispatch(Command.java:43)
     at com.sencha.command.BasePluginCommands$BasePluginCommand.dispatch(BasePluginCommands.java:289)
     at com.sencha.cli.Commands.dispatch(Commands.java:64)
     at com.sencha.cli.Commands.dispatch(Commands.java:64)
     at com.sencha.command.Sencha.dispatch(Sencha.java:80)
     at com.sencha.command.Sencha.main(Sencha.java:151)
     at sun.reflect.NativeMethodAccessorImpl.invoke0(Native Method)
     at sun.reflect.NativeMethodAccessorImpl.invoke(Unknown Source)
     at sun.reflect.DelegatingMethodAccessorImpl.invoke(Unknown Source)
     at java.lang.reflect.Method.invoke(Unknown Source)
     at com.exe4j.runtime.LauncherEngine.launch(Unknown Source)
     at com.exe4j.runtime.WinLauncher.main(Unknown Source)
     at com.install4j.runtime.launcher.WinLauncher.main(Unknown Source)

